BSU Cafeteria Model

Number of work stations                    4

Number of machines in each station         2    2 9999    2

Number of job types                        3

Number of tasks for each job type          3    3    2

Distribution function of job types     0.800   0.950   1.000

Mean interarrival time of jobs         30.00 seconds

Length of the simulation              5400.0 seconds


Job type     Work stations on route

   1            1    3    4

   2            2    3    4

   3            3    4


Job type     Min service time (in seconds) for successive tasks

   1        50.00     5.00    25.00

   2        60.00     5.00    10.00

   3         5.00     5.00



Job type     Average total delay in queue

   1                   1756.566

   2                     80.630

   3                      2.609

Overall average job total delay =  1417.478



 Work      Average number      Average       Average delay
station       in queue       utilization        in queue

   1          112.169            0.995         1737.706

   2            0.944            0.722           77.266

   3            0.000            0.000            0.000

   4            0.055            0.549            1.377