BSU Cafeteria Model

Number of work stations                    4

Number of employees in each station         1    2 9999    3

Number of routes                        3

Number of tasks for each route          3    3    2

Distribution function of routes     0.800   0.950   1.000

Mean interarrival time of jobs         30.00 seconds

Length of the simulation              5400.0 seconds


Route     Work stations on route

   1            1    3    4

   2            2    3    4

   3            3    4



Route     Average total delay in queue     Maximum total delay in queue

   1                2238.797                         4313.804

   2                  78.694                          268.316

   3                   0.000                            0.000



 Work      Average number    Maximum number   Average delay    Maximum delay
station       in queue          in queue        in queue         in queue

   1          143.520          287.000          2216.521         4313.804

   2            0.947            5.000            77.501          268.316

   3            0.000            0.000             0.000            0.000

   4            0.000            0.000             0.000            0.000

Average number of customers in the entire system = 144.467221
Maximum number of customers in the entire system = 292.000000
