BSU Cafeteria Model

Number of work stations                    4

Number of employees in each station         2    1 9999    3

Number of routes                        3

Number of tasks for each route          3    3    2

Distribution function of routes     0.800   0.950   1.000

Mean interarrival time of jobs         30.00 seconds

Length of the simulation              5400.0 seconds


Route     Work stations on route

   1            1    3    4

   2            2    3    4

   3            3    4



Route     Average total delay in queue     Maximum total delay in queue

   1                1769.870                         3573.597

   2                 848.599                         1797.170

   3                   0.000                            0.000



 Work      Average number    Maximum number   Average delay    Maximum delay
station       in queue          in queue        in queue         in queue

   1          112.391          226.000          1746.981         3573.597

   2           10.418           24.000           836.027         1797.170

   3            0.000            0.000             0.000            0.000

   4            0.001            1.000             0.014            2.819

Average number of customers in the entire system = 122.809405
Maximum number of customers in the entire system = 251.000000
